[2024-09-12T03:01:47.763+0000] {taskinstance.py:1087} INFO - Dependencies all met for <TaskInstance: etl_pipeline_dag.extract_task manual__2024-09-12T03:01:46.480586+00:00 [queued]>
[2024-09-12T03:01:47.781+0000] {taskinstance.py:1087} INFO - Dependencies all met for <TaskInstance: etl_pipeline_dag.extract_task manual__2024-09-12T03:01:46.480586+00:00 [queued]>
[2024-09-12T03:01:47.781+0000] {taskinstance.py:1283} INFO - 
--------------------------------------------------------------------------------
[2024-09-12T03:01:47.782+0000] {taskinstance.py:1284} INFO - Starting attempt 1 of 1
[2024-09-12T03:01:47.782+0000] {taskinstance.py:1285} INFO - 
--------------------------------------------------------------------------------
[2024-09-12T03:01:47.792+0000] {taskinstance.py:1304} INFO - Executing <Task(PythonOperator): extract_task> on 2024-09-12 03:01:46.480586+00:00
[2024-09-12T03:01:47.796+0000] {standard_task_runner.py:55} INFO - Started process 522 to run task
[2024-09-12T03:01:47.798+0000] {standard_task_runner.py:82} INFO - Running: ['***', 'tasks', 'run', 'etl_pipeline_dag', 'extract_task', 'manual__2024-09-12T03:01:46.480586+00:00', '--job-id', '26', '--raw', '--subdir', 'DAGS_FOLDER/etl_pipeline.py', '--cfg-path', '/tmp/tmpiiyyomif']
[2024-09-12T03:01:47.907+0000] {standard_task_runner.py:83} INFO - Job 26: Subtask extract_task
[2024-09-12T03:01:47.917+0000] {logging_mixin.py:137} WARNING - /home/***/.local/lib/python3.7/site-packages/***/settings.py:249 DeprecationWarning: The sql_alchemy_conn option in [core] has been moved to the sql_alchemy_conn option in [database] - the old setting has been used, but please update your config.
[2024-09-12T03:01:47.945+0000] {task_command.py:389} INFO - Running <TaskInstance: etl_pipeline_dag.extract_task manual__2024-09-12T03:01:46.480586+00:00 [running]> on host 94e336337df0
[2024-09-12T03:01:47.999+0000] {taskinstance.py:1513} INFO - Exporting the following env vars:
AIRFLOW_CTX_DAG_OWNER=***
AIRFLOW_CTX_DAG_ID=etl_pipeline_dag
AIRFLOW_CTX_TASK_ID=extract_task
AIRFLOW_CTX_EXECUTION_DATE=2024-09-12T03:01:46.480586+00:00
AIRFLOW_CTX_TRY_NUMBER=1
AIRFLOW_CTX_DAG_RUN_ID=manual__2024-09-12T03:01:46.480586+00:00
[2024-09-12T03:01:48.522+0000] {python.py:177} INFO - Done. Returned value was: []
[2024-09-12T03:01:48.545+0000] {taskinstance.py:1327} INFO - Marking task as SUCCESS. dag_id=etl_pipeline_dag, task_id=extract_task, execution_date=20240912T030146, start_date=20240912T030147, end_date=20240912T030148
[2024-09-12T03:01:48.576+0000] {local_task_job.py:159} INFO - Task exited with return code 0
[2024-09-12T03:01:48.687+0000] {taskinstance.py:2582} INFO - 1 downstream tasks scheduled from follow-on schedule check
