[2024-09-12T03:01:49.614+0000] {taskinstance.py:1087} INFO - Dependencies all met for <TaskInstance: etl_pipeline_dag.parse_task manual__2024-09-12T03:01:46.480586+00:00 [queued]>
[2024-09-12T03:01:49.621+0000] {taskinstance.py:1087} INFO - Dependencies all met for <TaskInstance: etl_pipeline_dag.parse_task manual__2024-09-12T03:01:46.480586+00:00 [queued]>
[2024-09-12T03:01:49.621+0000] {taskinstance.py:1283} INFO - 
--------------------------------------------------------------------------------
[2024-09-12T03:01:49.621+0000] {taskinstance.py:1284} INFO - Starting attempt 1 of 1
[2024-09-12T03:01:49.621+0000] {taskinstance.py:1285} INFO - 
--------------------------------------------------------------------------------
[2024-09-12T03:01:49.649+0000] {taskinstance.py:1304} INFO - Executing <Task(PythonOperator): parse_task> on 2024-09-12 03:01:46.480586+00:00
[2024-09-12T03:01:49.651+0000] {standard_task_runner.py:55} INFO - Started process 525 to run task
[2024-09-12T03:01:49.654+0000] {standard_task_runner.py:82} INFO - Running: ['***', 'tasks', 'run', 'etl_pipeline_dag', 'parse_task', 'manual__2024-09-12T03:01:46.480586+00:00', '--job-id', '27', '--raw', '--subdir', 'DAGS_FOLDER/etl_pipeline.py', '--cfg-path', '/tmp/tmp931fmdfb']
[2024-09-12T03:01:49.770+0000] {standard_task_runner.py:83} INFO - Job 27: Subtask parse_task
[2024-09-12T03:01:49.779+0000] {logging_mixin.py:137} WARNING - /home/***/.local/lib/python3.7/site-packages/***/settings.py:249 DeprecationWarning: The sql_alchemy_conn option in [core] has been moved to the sql_alchemy_conn option in [database] - the old setting has been used, but please update your config.
[2024-09-12T03:01:49.814+0000] {task_command.py:389} INFO - Running <TaskInstance: etl_pipeline_dag.parse_task manual__2024-09-12T03:01:46.480586+00:00 [running]> on host 94e336337df0
[2024-09-12T03:01:49.897+0000] {taskinstance.py:1513} INFO - Exporting the following env vars:
AIRFLOW_CTX_DAG_OWNER=***
AIRFLOW_CTX_DAG_ID=etl_pipeline_dag
AIRFLOW_CTX_TASK_ID=parse_task
AIRFLOW_CTX_EXECUTION_DATE=2024-09-12T03:01:46.480586+00:00
AIRFLOW_CTX_TRY_NUMBER=1
AIRFLOW_CTX_DAG_RUN_ID=manual__2024-09-12T03:01:46.480586+00:00
[2024-09-12T03:01:49.903+0000] {logging_mixin.py:137} INFO - Data parsed successfully
[2024-09-12T03:01:49.905+0000] {python.py:177} INFO - Done. Returned value was: {"[]":{}}
[2024-09-12T03:01:49.921+0000] {taskinstance.py:1327} INFO - Marking task as SUCCESS. dag_id=etl_pipeline_dag, task_id=parse_task, execution_date=20240912T030146, start_date=20240912T030149, end_date=20240912T030149
[2024-09-12T03:01:49.947+0000] {local_task_job.py:159} INFO - Task exited with return code 0
[2024-09-12T03:01:50.116+0000] {taskinstance.py:2582} INFO - 0 downstream tasks scheduled from follow-on schedule check
