[2024-09-12T02:59:57.581+0000] {taskinstance.py:1087} INFO - Dependencies all met for <TaskInstance: etl_pipeline_dag.extract_task manual__2024-09-12T02:59:56.559348+00:00 [queued]>
[2024-09-12T02:59:57.587+0000] {taskinstance.py:1087} INFO - Dependencies all met for <TaskInstance: etl_pipeline_dag.extract_task manual__2024-09-12T02:59:56.559348+00:00 [queued]>
[2024-09-12T02:59:57.587+0000] {taskinstance.py:1283} INFO - 
--------------------------------------------------------------------------------
[2024-09-12T02:59:57.587+0000] {taskinstance.py:1284} INFO - Starting attempt 1 of 1
[2024-09-12T02:59:57.587+0000] {taskinstance.py:1285} INFO - 
--------------------------------------------------------------------------------
[2024-09-12T02:59:57.597+0000] {taskinstance.py:1304} INFO - Executing <Task(PythonOperator): extract_task> on 2024-09-12 02:59:56.559348+00:00
[2024-09-12T02:59:57.601+0000] {standard_task_runner.py:55} INFO - Started process 471 to run task
[2024-09-12T02:59:57.604+0000] {standard_task_runner.py:82} INFO - Running: ['***', 'tasks', 'run', 'etl_pipeline_dag', 'extract_task', 'manual__2024-09-12T02:59:56.559348+00:00', '--job-id', '25', '--raw', '--subdir', 'DAGS_FOLDER/etl_pipeline.py', '--cfg-path', '/tmp/tmpy92eo8h9']
[2024-09-12T02:59:57.715+0000] {standard_task_runner.py:83} INFO - Job 25: Subtask extract_task
[2024-09-12T02:59:57.724+0000] {logging_mixin.py:137} WARNING - /home/***/.local/lib/python3.7/site-packages/***/settings.py:249 DeprecationWarning: The sql_alchemy_conn option in [core] has been moved to the sql_alchemy_conn option in [database] - the old setting has been used, but please update your config.
[2024-09-12T02:59:57.755+0000] {task_command.py:389} INFO - Running <TaskInstance: etl_pipeline_dag.extract_task manual__2024-09-12T02:59:56.559348+00:00 [running]> on host 94e336337df0
[2024-09-12T02:59:57.805+0000] {taskinstance.py:1513} INFO - Exporting the following env vars:
AIRFLOW_CTX_DAG_OWNER=***
AIRFLOW_CTX_DAG_ID=etl_pipeline_dag
AIRFLOW_CTX_TASK_ID=extract_task
AIRFLOW_CTX_EXECUTION_DATE=2024-09-12T02:59:56.559348+00:00
AIRFLOW_CTX_TRY_NUMBER=1
AIRFLOW_CTX_DAG_RUN_ID=manual__2024-09-12T02:59:56.559348+00:00
[2024-09-12T02:59:58.109+0000] {logging_mixin.py:137} INFO - Failed to extract data from https://raw.githubusercontent.com/CSSEGISandData/COVID-19/master/csse_covid_19_data/csse_covid_19_daily_reports/: 400 Client Error: Bad Request for url: https://raw.githubusercontent.com/CSSEGISandData/COVID-19/master/csse_covid_19_data/csse_covid_19_daily_reports/
[2024-09-12T02:59:58.109+0000] {taskinstance.py:1772} ERROR - Task failed with exception
Traceback (most recent call last):
  File "/home/airflow/.local/lib/python3.7/site-packages/airflow/operators/python.py", line 175, in execute
    return_value = self.execute_callable()
  File "/home/airflow/.local/lib/python3.7/site-packages/airflow/operators/python.py", line 192, in execute_callable
    return self.python_callable(*self.op_args, **self.op_kwargs)
  File "/opt/airflow/tasks/extractor.py", line 13, in extractor
    response.raise_for_status()
  File "/home/airflow/.local/lib/python3.7/site-packages/requests/models.py", line 1021, in raise_for_status
    raise HTTPError(http_error_msg, response=self)
requests.exceptions.HTTPError: 400 Client Error: Bad Request for url: https://raw.githubusercontent.com/CSSEGISandData/COVID-19/master/csse_covid_19_data/csse_covid_19_daily_reports/
[2024-09-12T02:59:58.118+0000] {taskinstance.py:1327} INFO - Marking task as FAILED. dag_id=etl_pipeline_dag, task_id=extract_task, execution_date=20240912T025956, start_date=20240912T025957, end_date=20240912T025958
[2024-09-12T02:59:58.129+0000] {standard_task_runner.py:105} ERROR - Failed to execute job 25 for task extract_task (400 Client Error: Bad Request for url: https://raw.githubusercontent.com/CSSEGISandData/COVID-19/master/csse_covid_19_data/csse_covid_19_daily_reports/; 471)
[2024-09-12T02:59:58.140+0000] {local_task_job.py:159} INFO - Task exited with return code 1
[2024-09-12T02:59:58.245+0000] {taskinstance.py:2582} INFO - 0 downstream tasks scheduled from follow-on schedule check
