[2024-09-07T16:10:46.566+0000] {processor.py:153} INFO - Started process (PID=163) to work on /opt/airflow/dags/my_dags.py
[2024-09-07T16:10:46.583+0000] {processor.py:743} INFO - Processing file /opt/airflow/dags/my_dags.py for tasks to queue
[2024-09-07T16:10:46.584+0000] {logging_mixin.py:137} INFO - [2024-09-07T16:10:46.584+0000] {dagbag.py:538} INFO - Filling up the DagBag from /opt/airflow/dags/my_dags.py
[2024-09-07T16:10:47.342+0000] {processor.py:753} INFO - DAG(s) dict_keys(['covid_data_ingestion_dag']) retrieved from /opt/airflow/dags/my_dags.py
[2024-09-07T16:10:47.357+0000] {logging_mixin.py:137} INFO - [2024-09-07T16:10:47.357+0000] {dag.py:2676} INFO - Sync 1 DAGs
[2024-09-07T16:10:47.372+0000] {logging_mixin.py:137} INFO - [2024-09-07T16:10:47.372+0000] {dag.py:3427} INFO - Setting next_dagrun for covid_data_ingestion_dag to 2024-09-07T00:00:00+00:00, run_after=2024-09-08T00:00:00+00:00
[2024-09-07T16:10:47.382+0000] {processor.py:175} INFO - Processing /opt/airflow/dags/my_dags.py took 0.818 seconds
[2024-09-07T16:11:17.677+0000] {processor.py:153} INFO - Started process (PID=170) to work on /opt/airflow/dags/my_dags.py
[2024-09-07T16:11:17.679+0000] {processor.py:743} INFO - Processing file /opt/airflow/dags/my_dags.py for tasks to queue
[2024-09-07T16:11:17.684+0000] {logging_mixin.py:137} INFO - [2024-09-07T16:11:17.683+0000] {dagbag.py:538} INFO - Filling up the DagBag from /opt/airflow/dags/my_dags.py
[2024-09-07T16:11:17.961+0000] {processor.py:753} INFO - DAG(s) dict_keys(['covid_data_ingestion_dag']) retrieved from /opt/airflow/dags/my_dags.py
[2024-09-07T16:11:17.997+0000] {logging_mixin.py:137} INFO - [2024-09-07T16:11:17.997+0000] {dag.py:2676} INFO - Sync 1 DAGs
[2024-09-07T16:11:18.018+0000] {logging_mixin.py:137} INFO - [2024-09-07T16:11:18.018+0000] {dag.py:3427} INFO - Setting next_dagrun for covid_data_ingestion_dag to 2024-09-07T00:00:00+00:00, run_after=2024-09-08T00:00:00+00:00
[2024-09-07T16:11:18.036+0000] {processor.py:175} INFO - Processing /opt/airflow/dags/my_dags.py took 0.363 seconds
[2024-09-07T16:11:48.382+0000] {processor.py:153} INFO - Started process (PID=179) to work on /opt/airflow/dags/my_dags.py
[2024-09-07T16:11:48.383+0000] {processor.py:743} INFO - Processing file /opt/airflow/dags/my_dags.py for tasks to queue
[2024-09-07T16:11:48.383+0000] {logging_mixin.py:137} INFO - [2024-09-07T16:11:48.383+0000] {dagbag.py:538} INFO - Filling up the DagBag from /opt/airflow/dags/my_dags.py
[2024-09-07T16:11:48.498+0000] {processor.py:753} INFO - DAG(s) dict_keys(['covid_data_ingestion_dag']) retrieved from /opt/airflow/dags/my_dags.py
[2024-09-07T16:11:48.518+0000] {logging_mixin.py:137} INFO - [2024-09-07T16:11:48.517+0000] {dag.py:2676} INFO - Sync 1 DAGs
[2024-09-07T16:11:48.533+0000] {logging_mixin.py:137} INFO - [2024-09-07T16:11:48.533+0000] {dag.py:3427} INFO - Setting next_dagrun for covid_data_ingestion_dag to 2024-09-07T00:00:00+00:00, run_after=2024-09-08T00:00:00+00:00
[2024-09-07T16:11:48.543+0000] {processor.py:175} INFO - Processing /opt/airflow/dags/my_dags.py took 0.163 seconds
[2024-09-07T16:12:18.692+0000] {processor.py:153} INFO - Started process (PID=185) to work on /opt/airflow/dags/my_dags.py
[2024-09-07T16:12:18.694+0000] {processor.py:743} INFO - Processing file /opt/airflow/dags/my_dags.py for tasks to queue
[2024-09-07T16:12:18.695+0000] {logging_mixin.py:137} INFO - [2024-09-07T16:12:18.695+0000] {dagbag.py:538} INFO - Filling up the DagBag from /opt/airflow/dags/my_dags.py
[2024-09-07T16:12:18.832+0000] {processor.py:753} INFO - DAG(s) dict_keys(['covid_data_ingestion_dag']) retrieved from /opt/airflow/dags/my_dags.py
[2024-09-07T16:12:18.855+0000] {logging_mixin.py:137} INFO - [2024-09-07T16:12:18.855+0000] {dag.py:2676} INFO - Sync 1 DAGs
[2024-09-07T16:12:18.872+0000] {logging_mixin.py:137} INFO - [2024-09-07T16:12:18.872+0000] {dag.py:3427} INFO - Setting next_dagrun for covid_data_ingestion_dag to 2024-09-07T00:00:00+00:00, run_after=2024-09-08T00:00:00+00:00
[2024-09-07T16:12:18.885+0000] {processor.py:175} INFO - Processing /opt/airflow/dags/my_dags.py took 0.197 seconds
[2024-09-07T16:12:49.238+0000] {processor.py:153} INFO - Started process (PID=191) to work on /opt/airflow/dags/my_dags.py
[2024-09-07T16:12:49.239+0000] {processor.py:743} INFO - Processing file /opt/airflow/dags/my_dags.py for tasks to queue
[2024-09-07T16:12:49.240+0000] {logging_mixin.py:137} INFO - [2024-09-07T16:12:49.240+0000] {dagbag.py:538} INFO - Filling up the DagBag from /opt/airflow/dags/my_dags.py
[2024-09-07T16:12:49.394+0000] {processor.py:753} INFO - DAG(s) dict_keys(['covid_data_ingestion_dag']) retrieved from /opt/airflow/dags/my_dags.py
[2024-09-07T16:12:49.414+0000] {logging_mixin.py:137} INFO - [2024-09-07T16:12:49.414+0000] {dag.py:2676} INFO - Sync 1 DAGs
[2024-09-07T16:12:49.428+0000] {logging_mixin.py:137} INFO - [2024-09-07T16:12:49.428+0000] {dag.py:3427} INFO - Setting next_dagrun for covid_data_ingestion_dag to 2024-09-07T00:00:00+00:00, run_after=2024-09-08T00:00:00+00:00
[2024-09-07T16:12:49.440+0000] {processor.py:175} INFO - Processing /opt/airflow/dags/my_dags.py took 0.204 seconds
[2024-09-07T16:13:19.483+0000] {processor.py:153} INFO - Started process (PID=197) to work on /opt/airflow/dags/my_dags.py
[2024-09-07T16:13:19.485+0000] {processor.py:743} INFO - Processing file /opt/airflow/dags/my_dags.py for tasks to queue
[2024-09-07T16:13:19.487+0000] {logging_mixin.py:137} INFO - [2024-09-07T16:13:19.486+0000] {dagbag.py:538} INFO - Filling up the DagBag from /opt/airflow/dags/my_dags.py
[2024-09-07T16:13:19.628+0000] {processor.py:753} INFO - DAG(s) dict_keys(['covid_data_ingestion_dag']) retrieved from /opt/airflow/dags/my_dags.py
[2024-09-07T16:13:19.650+0000] {logging_mixin.py:137} INFO - [2024-09-07T16:13:19.649+0000] {dag.py:2676} INFO - Sync 1 DAGs
[2024-09-07T16:13:19.665+0000] {logging_mixin.py:137} INFO - [2024-09-07T16:13:19.665+0000] {dag.py:3427} INFO - Setting next_dagrun for covid_data_ingestion_dag to 2024-09-07T00:00:00+00:00, run_after=2024-09-08T00:00:00+00:00
[2024-09-07T16:13:19.757+0000] {processor.py:175} INFO - Processing /opt/airflow/dags/my_dags.py took 0.278 seconds
[2024-09-07T16:13:50.159+0000] {processor.py:153} INFO - Started process (PID=203) to work on /opt/airflow/dags/my_dags.py
[2024-09-07T16:13:50.159+0000] {processor.py:743} INFO - Processing file /opt/airflow/dags/my_dags.py for tasks to queue
[2024-09-07T16:13:50.160+0000] {logging_mixin.py:137} INFO - [2024-09-07T16:13:50.160+0000] {dagbag.py:538} INFO - Filling up the DagBag from /opt/airflow/dags/my_dags.py
[2024-09-07T16:13:50.292+0000] {processor.py:753} INFO - DAG(s) dict_keys(['covid_data_ingestion_dag']) retrieved from /opt/airflow/dags/my_dags.py
[2024-09-07T16:13:50.317+0000] {logging_mixin.py:137} INFO - [2024-09-07T16:13:50.317+0000] {dag.py:2676} INFO - Sync 1 DAGs
[2024-09-07T16:13:50.446+0000] {logging_mixin.py:137} INFO - [2024-09-07T16:13:50.446+0000] {dag.py:3427} INFO - Setting next_dagrun for covid_data_ingestion_dag to 2024-09-07T00:00:00+00:00, run_after=2024-09-08T00:00:00+00:00
[2024-09-07T16:13:50.463+0000] {processor.py:175} INFO - Processing /opt/airflow/dags/my_dags.py took 0.306 seconds
[2024-09-07T16:14:03.551+0000] {processor.py:153} INFO - Started process (PID=209) to work on /opt/airflow/dags/my_dags.py
[2024-09-07T16:14:03.552+0000] {processor.py:743} INFO - Processing file /opt/airflow/dags/my_dags.py for tasks to queue
[2024-09-07T16:14:03.553+0000] {logging_mixin.py:137} INFO - [2024-09-07T16:14:03.553+0000] {dagbag.py:538} INFO - Filling up the DagBag from /opt/airflow/dags/my_dags.py
[2024-09-07T16:14:03.690+0000] {processor.py:753} INFO - DAG(s) dict_keys(['covid_data_ingestion_dag']) retrieved from /opt/airflow/dags/my_dags.py
[2024-09-07T16:14:03.713+0000] {logging_mixin.py:137} INFO - [2024-09-07T16:14:03.713+0000] {dag.py:2676} INFO - Sync 1 DAGs
[2024-09-07T16:14:03.817+0000] {logging_mixin.py:137} INFO - [2024-09-07T16:14:03.817+0000] {dag.py:3427} INFO - Setting next_dagrun for covid_data_ingestion_dag to 2024-09-07T00:00:00+00:00, run_after=2024-09-08T00:00:00+00:00
[2024-09-07T16:14:03.835+0000] {processor.py:175} INFO - Processing /opt/airflow/dags/my_dags.py took 0.287 seconds
[2024-09-07T16:14:34.220+0000] {processor.py:153} INFO - Started process (PID=215) to work on /opt/airflow/dags/my_dags.py
[2024-09-07T16:14:34.221+0000] {processor.py:743} INFO - Processing file /opt/airflow/dags/my_dags.py for tasks to queue
[2024-09-07T16:14:34.222+0000] {logging_mixin.py:137} INFO - [2024-09-07T16:14:34.222+0000] {dagbag.py:538} INFO - Filling up the DagBag from /opt/airflow/dags/my_dags.py
[2024-09-07T16:14:34.372+0000] {processor.py:753} INFO - DAG(s) dict_keys(['covid_data_ingestion_dag']) retrieved from /opt/airflow/dags/my_dags.py
[2024-09-07T16:14:34.395+0000] {logging_mixin.py:137} INFO - [2024-09-07T16:14:34.395+0000] {dag.py:2676} INFO - Sync 1 DAGs
[2024-09-07T16:14:34.413+0000] {logging_mixin.py:137} INFO - [2024-09-07T16:14:34.413+0000] {dag.py:3427} INFO - Setting next_dagrun for covid_data_ingestion_dag to 2024-09-07T00:00:00+00:00, run_after=2024-09-08T00:00:00+00:00
[2024-09-07T16:14:34.425+0000] {processor.py:175} INFO - Processing /opt/airflow/dags/my_dags.py took 0.209 seconds
[2024-09-07T16:15:04.470+0000] {processor.py:153} INFO - Started process (PID=221) to work on /opt/airflow/dags/my_dags.py
[2024-09-07T16:15:04.471+0000] {processor.py:743} INFO - Processing file /opt/airflow/dags/my_dags.py for tasks to queue
[2024-09-07T16:15:04.472+0000] {logging_mixin.py:137} INFO - [2024-09-07T16:15:04.471+0000] {dagbag.py:538} INFO - Filling up the DagBag from /opt/airflow/dags/my_dags.py
[2024-09-07T16:15:04.593+0000] {processor.py:753} INFO - DAG(s) dict_keys(['covid_data_ingestion_dag']) retrieved from /opt/airflow/dags/my_dags.py
[2024-09-07T16:15:04.613+0000] {logging_mixin.py:137} INFO - [2024-09-07T16:15:04.613+0000] {dag.py:2676} INFO - Sync 1 DAGs
[2024-09-07T16:15:04.627+0000] {logging_mixin.py:137} INFO - [2024-09-07T16:15:04.627+0000] {dag.py:3427} INFO - Setting next_dagrun for covid_data_ingestion_dag to 2024-09-07T00:00:00+00:00, run_after=2024-09-08T00:00:00+00:00
[2024-09-07T16:15:04.637+0000] {processor.py:175} INFO - Processing /opt/airflow/dags/my_dags.py took 0.170 seconds
[2024-09-07T16:15:34.865+0000] {processor.py:153} INFO - Started process (PID=227) to work on /opt/airflow/dags/my_dags.py
[2024-09-07T16:15:34.866+0000] {processor.py:743} INFO - Processing file /opt/airflow/dags/my_dags.py for tasks to queue
[2024-09-07T16:15:34.867+0000] {logging_mixin.py:137} INFO - [2024-09-07T16:15:34.867+0000] {dagbag.py:538} INFO - Filling up the DagBag from /opt/airflow/dags/my_dags.py
[2024-09-07T16:15:35.011+0000] {processor.py:753} INFO - DAG(s) dict_keys(['covid_data_ingestion_dag']) retrieved from /opt/airflow/dags/my_dags.py
[2024-09-07T16:15:35.039+0000] {logging_mixin.py:137} INFO - [2024-09-07T16:15:35.039+0000] {dag.py:2676} INFO - Sync 1 DAGs
[2024-09-07T16:15:35.054+0000] {logging_mixin.py:137} INFO - [2024-09-07T16:15:35.054+0000] {dag.py:3427} INFO - Setting next_dagrun for covid_data_ingestion_dag to 2024-09-07T00:00:00+00:00, run_after=2024-09-08T00:00:00+00:00
[2024-09-07T16:15:35.064+0000] {processor.py:175} INFO - Processing /opt/airflow/dags/my_dags.py took 0.206 seconds
[2024-09-07T16:16:05.277+0000] {processor.py:153} INFO - Started process (PID=233) to work on /opt/airflow/dags/my_dags.py
[2024-09-07T16:16:05.278+0000] {processor.py:743} INFO - Processing file /opt/airflow/dags/my_dags.py for tasks to queue
[2024-09-07T16:16:05.278+0000] {logging_mixin.py:137} INFO - [2024-09-07T16:16:05.278+0000] {dagbag.py:538} INFO - Filling up the DagBag from /opt/airflow/dags/my_dags.py
[2024-09-07T16:16:05.420+0000] {processor.py:753} INFO - DAG(s) dict_keys(['covid_data_ingestion_dag']) retrieved from /opt/airflow/dags/my_dags.py
[2024-09-07T16:16:05.446+0000] {logging_mixin.py:137} INFO - [2024-09-07T16:16:05.446+0000] {dag.py:2676} INFO - Sync 1 DAGs
[2024-09-07T16:16:05.468+0000] {logging_mixin.py:137} INFO - [2024-09-07T16:16:05.468+0000] {dag.py:3427} INFO - Setting next_dagrun for covid_data_ingestion_dag to 2024-09-07T00:00:00+00:00, run_after=2024-09-08T00:00:00+00:00
[2024-09-07T16:16:05.487+0000] {processor.py:175} INFO - Processing /opt/airflow/dags/my_dags.py took 0.212 seconds
[2024-09-07T16:16:35.626+0000] {processor.py:153} INFO - Started process (PID=239) to work on /opt/airflow/dags/my_dags.py
[2024-09-07T16:16:35.628+0000] {processor.py:743} INFO - Processing file /opt/airflow/dags/my_dags.py for tasks to queue
[2024-09-07T16:16:35.629+0000] {logging_mixin.py:137} INFO - [2024-09-07T16:16:35.629+0000] {dagbag.py:538} INFO - Filling up the DagBag from /opt/airflow/dags/my_dags.py
[2024-09-07T16:16:35.759+0000] {processor.py:753} INFO - DAG(s) dict_keys(['covid_data_ingestion_dag']) retrieved from /opt/airflow/dags/my_dags.py
[2024-09-07T16:16:35.779+0000] {logging_mixin.py:137} INFO - [2024-09-07T16:16:35.779+0000] {dag.py:2676} INFO - Sync 1 DAGs
[2024-09-07T16:16:35.794+0000] {logging_mixin.py:137} INFO - [2024-09-07T16:16:35.794+0000] {dag.py:3427} INFO - Setting next_dagrun for covid_data_ingestion_dag to 2024-09-07T00:00:00+00:00, run_after=2024-09-08T00:00:00+00:00
[2024-09-07T16:16:35.884+0000] {processor.py:175} INFO - Processing /opt/airflow/dags/my_dags.py took 0.263 seconds
[2024-09-07T16:17:06.276+0000] {processor.py:153} INFO - Started process (PID=245) to work on /opt/airflow/dags/my_dags.py
[2024-09-07T16:17:06.277+0000] {processor.py:743} INFO - Processing file /opt/airflow/dags/my_dags.py for tasks to queue
[2024-09-07T16:17:06.278+0000] {logging_mixin.py:137} INFO - [2024-09-07T16:17:06.278+0000] {dagbag.py:538} INFO - Filling up the DagBag from /opt/airflow/dags/my_dags.py
[2024-09-07T16:17:06.422+0000] {processor.py:753} INFO - DAG(s) dict_keys(['covid_data_ingestion_dag']) retrieved from /opt/airflow/dags/my_dags.py
[2024-09-07T16:17:06.443+0000] {logging_mixin.py:137} INFO - [2024-09-07T16:17:06.443+0000] {dag.py:2676} INFO - Sync 1 DAGs
[2024-09-07T16:17:06.536+0000] {logging_mixin.py:137} INFO - [2024-09-07T16:17:06.536+0000] {dag.py:3427} INFO - Setting next_dagrun for covid_data_ingestion_dag to 2024-09-07T00:00:00+00:00, run_after=2024-09-08T00:00:00+00:00
[2024-09-07T16:17:06.546+0000] {processor.py:175} INFO - Processing /opt/airflow/dags/my_dags.py took 0.273 seconds
[2024-09-07T16:17:36.599+0000] {processor.py:153} INFO - Started process (PID=251) to work on /opt/airflow/dags/my_dags.py
[2024-09-07T16:17:36.600+0000] {processor.py:743} INFO - Processing file /opt/airflow/dags/my_dags.py for tasks to queue
[2024-09-07T16:17:36.601+0000] {logging_mixin.py:137} INFO - [2024-09-07T16:17:36.601+0000] {dagbag.py:538} INFO - Filling up the DagBag from /opt/airflow/dags/my_dags.py
[2024-09-07T16:17:36.721+0000] {processor.py:753} INFO - DAG(s) dict_keys(['covid_data_ingestion_dag']) retrieved from /opt/airflow/dags/my_dags.py
[2024-09-07T16:17:36.742+0000] {logging_mixin.py:137} INFO - [2024-09-07T16:17:36.742+0000] {dag.py:2676} INFO - Sync 1 DAGs
[2024-09-07T16:17:36.835+0000] {logging_mixin.py:137} INFO - [2024-09-07T16:17:36.835+0000] {dag.py:3427} INFO - Setting next_dagrun for covid_data_ingestion_dag to 2024-09-07T00:00:00+00:00, run_after=2024-09-08T00:00:00+00:00
[2024-09-07T16:17:36.846+0000] {processor.py:175} INFO - Processing /opt/airflow/dags/my_dags.py took 0.251 seconds
[2024-09-07T16:18:06.889+0000] {processor.py:153} INFO - Started process (PID=257) to work on /opt/airflow/dags/my_dags.py
[2024-09-07T16:18:06.889+0000] {processor.py:743} INFO - Processing file /opt/airflow/dags/my_dags.py for tasks to queue
[2024-09-07T16:18:06.890+0000] {logging_mixin.py:137} INFO - [2024-09-07T16:18:06.889+0000] {dagbag.py:538} INFO - Filling up the DagBag from /opt/airflow/dags/my_dags.py
[2024-09-07T16:18:07.007+0000] {processor.py:753} INFO - DAG(s) dict_keys(['covid_data_ingestion_dag']) retrieved from /opt/airflow/dags/my_dags.py
[2024-09-07T16:18:07.028+0000] {logging_mixin.py:137} INFO - [2024-09-07T16:18:07.027+0000] {dag.py:2676} INFO - Sync 1 DAGs
[2024-09-07T16:18:07.043+0000] {logging_mixin.py:137} INFO - [2024-09-07T16:18:07.043+0000] {dag.py:3427} INFO - Setting next_dagrun for covid_data_ingestion_dag to 2024-09-07T00:00:00+00:00, run_after=2024-09-08T00:00:00+00:00
[2024-09-07T16:18:07.054+0000] {processor.py:175} INFO - Processing /opt/airflow/dags/my_dags.py took 0.168 seconds
[2024-09-07T16:18:37.102+0000] {processor.py:153} INFO - Started process (PID=263) to work on /opt/airflow/dags/my_dags.py
[2024-09-07T16:18:37.104+0000] {processor.py:743} INFO - Processing file /opt/airflow/dags/my_dags.py for tasks to queue
[2024-09-07T16:18:37.105+0000] {logging_mixin.py:137} INFO - [2024-09-07T16:18:37.105+0000] {dagbag.py:538} INFO - Filling up the DagBag from /opt/airflow/dags/my_dags.py
[2024-09-07T16:18:37.250+0000] {processor.py:753} INFO - DAG(s) dict_keys(['covid_data_ingestion_dag']) retrieved from /opt/airflow/dags/my_dags.py
[2024-09-07T16:18:37.277+0000] {logging_mixin.py:137} INFO - [2024-09-07T16:18:37.277+0000] {dag.py:2676} INFO - Sync 1 DAGs
[2024-09-07T16:18:37.294+0000] {logging_mixin.py:137} INFO - [2024-09-07T16:18:37.294+0000] {dag.py:3427} INFO - Setting next_dagrun for covid_data_ingestion_dag to 2024-09-07T00:00:00+00:00, run_after=2024-09-08T00:00:00+00:00
[2024-09-07T16:18:37.308+0000] {processor.py:175} INFO - Processing /opt/airflow/dags/my_dags.py took 0.210 seconds
[2024-09-07T16:19:07.430+0000] {processor.py:153} INFO - Started process (PID=269) to work on /opt/airflow/dags/my_dags.py
[2024-09-07T16:19:07.431+0000] {processor.py:743} INFO - Processing file /opt/airflow/dags/my_dags.py for tasks to queue
[2024-09-07T16:19:07.431+0000] {logging_mixin.py:137} INFO - [2024-09-07T16:19:07.431+0000] {dagbag.py:538} INFO - Filling up the DagBag from /opt/airflow/dags/my_dags.py
[2024-09-07T16:19:07.566+0000] {processor.py:753} INFO - DAG(s) dict_keys(['covid_data_ingestion_dag']) retrieved from /opt/airflow/dags/my_dags.py
[2024-09-07T16:19:07.589+0000] {logging_mixin.py:137} INFO - [2024-09-07T16:19:07.589+0000] {dag.py:2676} INFO - Sync 1 DAGs
[2024-09-07T16:19:07.606+0000] {logging_mixin.py:137} INFO - [2024-09-07T16:19:07.606+0000] {dag.py:3427} INFO - Setting next_dagrun for covid_data_ingestion_dag to 2024-09-07T00:00:00+00:00, run_after=2024-09-08T00:00:00+00:00
[2024-09-07T16:19:07.619+0000] {processor.py:175} INFO - Processing /opt/airflow/dags/my_dags.py took 0.192 seconds
[2024-09-07T16:19:37.887+0000] {processor.py:153} INFO - Started process (PID=275) to work on /opt/airflow/dags/my_dags.py
[2024-09-07T16:19:37.889+0000] {processor.py:743} INFO - Processing file /opt/airflow/dags/my_dags.py for tasks to queue
[2024-09-07T16:19:37.890+0000] {logging_mixin.py:137} INFO - [2024-09-07T16:19:37.890+0000] {dagbag.py:538} INFO - Filling up the DagBag from /opt/airflow/dags/my_dags.py
[2024-09-07T16:19:38.030+0000] {processor.py:753} INFO - DAG(s) dict_keys(['covid_data_ingestion_dag']) retrieved from /opt/airflow/dags/my_dags.py
[2024-09-07T16:19:38.051+0000] {logging_mixin.py:137} INFO - [2024-09-07T16:19:38.050+0000] {dag.py:2676} INFO - Sync 1 DAGs
[2024-09-07T16:19:38.067+0000] {logging_mixin.py:137} INFO - [2024-09-07T16:19:38.067+0000] {dag.py:3427} INFO - Setting next_dagrun for covid_data_ingestion_dag to 2024-09-07T00:00:00+00:00, run_after=2024-09-08T00:00:00+00:00
[2024-09-07T16:19:38.077+0000] {processor.py:175} INFO - Processing /opt/airflow/dags/my_dags.py took 0.195 seconds
