[2024-09-13T17:14:03.504+0000] {taskinstance.py:1087} INFO - Dependencies all met for <TaskInstance: etl_pipeline_dag.load_task manual__2024-09-13T17:14:00.765238+00:00 [queued]>
[2024-09-13T17:14:03.511+0000] {taskinstance.py:1087} INFO - Dependencies all met for <TaskInstance: etl_pipeline_dag.load_task manual__2024-09-13T17:14:00.765238+00:00 [queued]>
[2024-09-13T17:14:03.511+0000] {taskinstance.py:1283} INFO - 
--------------------------------------------------------------------------------
[2024-09-13T17:14:03.511+0000] {taskinstance.py:1284} INFO - Starting attempt 1 of 1
[2024-09-13T17:14:03.511+0000] {taskinstance.py:1285} INFO - 
--------------------------------------------------------------------------------
[2024-09-13T17:14:03.519+0000] {taskinstance.py:1304} INFO - Executing <Task(PythonOperator): load_task> on 2024-09-13 17:14:00.765238+00:00
[2024-09-13T17:14:03.522+0000] {standard_task_runner.py:55} INFO - Started process 2065 to run task
[2024-09-13T17:14:03.524+0000] {standard_task_runner.py:82} INFO - Running: ['***', 'tasks', 'run', 'etl_pipeline_dag', 'load_task', 'manual__2024-09-13T17:14:00.765238+00:00', '--job-id', '91', '--raw', '--subdir', 'DAGS_FOLDER/etl_pipeline.py', '--cfg-path', '/tmp/tmplk6gtjrq']
[2024-09-13T17:14:03.633+0000] {standard_task_runner.py:83} INFO - Job 91: Subtask load_task
[2024-09-13T17:14:03.646+0000] {logging_mixin.py:137} WARNING - /home/***/.local/lib/python3.7/site-packages/***/settings.py:249 DeprecationWarning: The sql_alchemy_conn option in [core] has been moved to the sql_alchemy_conn option in [database] - the old setting has been used, but please update your config.
[2024-09-13T17:14:03.688+0000] {task_command.py:389} INFO - Running <TaskInstance: etl_pipeline_dag.load_task manual__2024-09-13T17:14:00.765238+00:00 [running]> on host 2656b950921d
[2024-09-13T17:14:03.810+0000] {taskinstance.py:1513} INFO - Exporting the following env vars:
AIRFLOW_CTX_DAG_OWNER=***
AIRFLOW_CTX_DAG_ID=etl_pipeline_dag
AIRFLOW_CTX_TASK_ID=load_task
AIRFLOW_CTX_EXECUTION_DATE=2024-09-13T17:14:00.765238+00:00
AIRFLOW_CTX_TRY_NUMBER=1
AIRFLOW_CTX_DAG_RUN_ID=manual__2024-09-13T17:14:00.765238+00:00
[2024-09-13T17:14:04.349+0000] {logging_mixin.py:137} INFO - Data loaded successfully into PostgreSQL
[2024-09-13T17:14:04.351+0000] {python.py:177} INFO - Done. Returned value was: None
[2024-09-13T17:14:04.358+0000] {taskinstance.py:1327} INFO - Marking task as SUCCESS. dag_id=etl_pipeline_dag, task_id=load_task, execution_date=20240913T171400, start_date=20240913T171403, end_date=20240913T171404
[2024-09-13T17:14:04.380+0000] {local_task_job.py:159} INFO - Task exited with return code 0
[2024-09-13T17:14:04.485+0000] {taskinstance.py:2582} INFO - 0 downstream tasks scheduled from follow-on schedule check
