[2024-09-13T15:07:27.062+0000] {taskinstance.py:1087} INFO - Dependencies all met for <TaskInstance: etl_pipeline_dag.load_task scheduled__2024-09-12T00:00:00+00:00 [queued]>
[2024-09-13T15:07:27.067+0000] {taskinstance.py:1087} INFO - Dependencies all met for <TaskInstance: etl_pipeline_dag.load_task scheduled__2024-09-12T00:00:00+00:00 [queued]>
[2024-09-13T15:07:27.067+0000] {taskinstance.py:1283} INFO - 
--------------------------------------------------------------------------------
[2024-09-13T15:07:27.068+0000] {taskinstance.py:1284} INFO - Starting attempt 1 of 1
[2024-09-13T15:07:27.068+0000] {taskinstance.py:1285} INFO - 
--------------------------------------------------------------------------------
[2024-09-13T15:07:27.075+0000] {taskinstance.py:1304} INFO - Executing <Task(PythonOperator): load_task> on 2024-09-12 00:00:00+00:00
[2024-09-13T15:07:27.079+0000] {standard_task_runner.py:55} INFO - Started process 187 to run task
[2024-09-13T15:07:27.081+0000] {standard_task_runner.py:82} INFO - Running: ['***', 'tasks', 'run', 'etl_pipeline_dag', 'load_task', 'scheduled__2024-09-12T00:00:00+00:00', '--job-id', '33', '--raw', '--subdir', 'DAGS_FOLDER/etl_pipeline.py', '--cfg-path', '/tmp/tmpvpqxfyq8']
[2024-09-13T15:07:27.083+0000] {standard_task_runner.py:83} INFO - Job 33: Subtask load_task
[2024-09-13T15:07:27.093+0000] {logging_mixin.py:137} WARNING - /home/***/.local/lib/python3.7/site-packages/***/settings.py:249 DeprecationWarning: The sql_alchemy_conn option in [core] has been moved to the sql_alchemy_conn option in [database] - the old setting has been used, but please update your config.
[2024-09-13T15:07:27.107+0000] {logging_mixin.py:137} WARNING - /home/***/.local/lib/python3.7/site-packages/***/utils/sqlalchemy.py:121 DeprecationWarning: The sql_alchemy_conn option in [core] has been moved to the sql_alchemy_conn option in [database] - the old setting has been used, but please update your config.
[2024-09-13T15:07:27.126+0000] {task_command.py:389} INFO - Running <TaskInstance: etl_pipeline_dag.load_task scheduled__2024-09-12T00:00:00+00:00 [running]> on host 94e336337df0
[2024-09-13T15:07:27.182+0000] {taskinstance.py:1513} INFO - Exporting the following env vars:
AIRFLOW_CTX_DAG_OWNER=***
AIRFLOW_CTX_DAG_ID=etl_pipeline_dag
AIRFLOW_CTX_TASK_ID=load_task
AIRFLOW_CTX_EXECUTION_DATE=2024-09-12T00:00:00+00:00
AIRFLOW_CTX_TRY_NUMBER=1
AIRFLOW_CTX_DAG_RUN_ID=scheduled__2024-09-12T00:00:00+00:00
[2024-09-13T15:07:27.193+0000] {logging_mixin.py:137} INFO - Data loaded successfully into PostgreSQL
[2024-09-13T15:07:27.193+0000] {python.py:177} INFO - Done. Returned value was: None
[2024-09-13T15:07:27.199+0000] {taskinstance.py:1327} INFO - Marking task as SUCCESS. dag_id=etl_pipeline_dag, task_id=load_task, execution_date=20240912T000000, start_date=20240913T150727, end_date=20240913T150727
[2024-09-13T15:07:27.213+0000] {local_task_job.py:159} INFO - Task exited with return code 0
[2024-09-13T15:07:27.225+0000] {taskinstance.py:2582} INFO - 0 downstream tasks scheduled from follow-on schedule check
